<?xml version="1.0" encoding="UTF-8"?>
<testsuites>
  <testsuite name="/Applications/MAMP/htdocs/wp/wp-content/plugins/woo-ai-assistant/phpunit.xml" tests="24" assertions="119" errors="0" failures="0" skipped="0" time="0.004693">
    <testsuite name="unit" tests="24" assertions="119" errors="0" failures="0" skipped="0" time="0.004693">
      <testsuite name="WooAiAssistant\Tests\Unit\Common\Traits\SingletonTest" file="/Applications/MAMP/htdocs/wp/wp-content/plugins/woo-ai-assistant/tests/Unit/Common/Traits/SingletonTest.php" tests="8" assertions="20" errors="0" failures="0" skipped="0" time="0.002700">
        <testcase name="test_trait_exists_and_works" file="/Applications/MAMP/htdocs/wp/wp-content/plugins/woo-ai-assistant/tests/Unit/Common/Traits/SingletonTest.php" line="30" class="WooAiAssistant\Tests\Unit\Common\Traits\SingletonTest" classname="WooAiAssistant.Tests.Unit.Common.Traits.SingletonTest" assertions="2" time="0.001411"/>
        <testcase name="test_trait_follows_naming_conventions" file="/Applications/MAMP/htdocs/wp/wp-content/plugins/woo-ai-assistant/tests/Unit/Common/Traits/SingletonTest.php" line="36" class="WooAiAssistant\Tests\Unit\Common\Traits\SingletonTest" classname="WooAiAssistant.Tests.Unit.Common.Traits.SingletonTest" assertions="3" time="0.000171"/>
        <testcase name="test_public_methods_exist_and_return_correct_types" file="/Applications/MAMP/htdocs/wp/wp-content/plugins/woo-ai-assistant/tests/Unit/Common/Traits/SingletonTest.php" line="51" class="WooAiAssistant\Tests\Unit\Common\Traits\SingletonTest" classname="WooAiAssistant.Tests.Unit.Common.Traits.SingletonTest" assertions="5" time="0.000214"/>
        <testcase name="test_getInstance_returns_same_instance" file="/Applications/MAMP/htdocs/wp/wp-content/plugins/woo-ai-assistant/tests/Unit/Common/Traits/SingletonTest.php" line="63" class="WooAiAssistant\Tests\Unit\Common\Traits\SingletonTest" classname="WooAiAssistant.Tests.Unit.Common.Traits.SingletonTest" assertions="1" time="0.000138"/>
        <testcase name="test_hasInstance_works_correctly" file="/Applications/MAMP/htdocs/wp/wp-content/plugins/woo-ai-assistant/tests/Unit/Common/Traits/SingletonTest.php" line="71" class="WooAiAssistant\Tests\Unit\Common\Traits\SingletonTest" classname="WooAiAssistant.Tests.Unit.Common.Traits.SingletonTest" assertions="2" time="0.000103"/>
        <testcase name="test_destroyInstance_works_correctly" file="/Applications/MAMP/htdocs/wp/wp-content/plugins/woo-ai-assistant/tests/Unit/Common/Traits/SingletonTest.php" line="79" class="WooAiAssistant\Tests\Unit\Common\Traits\SingletonTest" classname="WooAiAssistant.Tests.Unit.Common.Traits.SingletonTest" assertions="3" time="0.000315"/>
        <testcase name="test_cloning_throws_exception" file="/Applications/MAMP/htdocs/wp/wp-content/plugins/woo-ai-assistant/tests/Unit/Common/Traits/SingletonTest.php" line="91" class="WooAiAssistant\Tests\Unit\Common\Traits\SingletonTest" classname="WooAiAssistant.Tests.Unit.Common.Traits.SingletonTest" assertions="2" time="0.000257"/>
        <testcase name="test_unserialization_throws_exception" file="/Applications/MAMP/htdocs/wp/wp-content/plugins/woo-ai-assistant/tests/Unit/Common/Traits/SingletonTest.php" line="101" class="WooAiAssistant\Tests\Unit\Common\Traits\SingletonTest" classname="WooAiAssistant.Tests.Unit.Common.Traits.SingletonTest" assertions="2" time="0.000090"/>
      </testsuite>
      <testsuite name="WooAiAssistant\Tests\Unit\Common\UtilsTest" file="/Applications/MAMP/htdocs/wp/wp-content/plugins/woo-ai-assistant/tests/Unit/Common/UtilsTest.php" tests="8" assertions="60" errors="0" failures="0" skipped="0" time="0.001135">
        <testcase name="test_class_exists" file="/Applications/MAMP/htdocs/wp/wp-content/plugins/woo-ai-assistant/tests/Unit/Common/UtilsTest.php" line="18" class="WooAiAssistant\Tests\Unit\Common\UtilsTest" classname="WooAiAssistant.Tests.Unit.Common.UtilsTest" assertions="1" time="0.000209"/>
        <testcase name="test_class_follows_naming_conventions" file="/Applications/MAMP/htdocs/wp/wp-content/plugins/woo-ai-assistant/tests/Unit/Common/UtilsTest.php" line="23" class="WooAiAssistant\Tests\Unit\Common\UtilsTest" classname="WooAiAssistant.Tests.Unit.Common.UtilsTest" assertions="24" time="0.000152"/>
        <testcase name="test_public_methods_exist_and_return_correct_types" file="/Applications/MAMP/htdocs/wp/wp-content/plugins/woo-ai-assistant/tests/Unit/Common/UtilsTest.php" line="43" class="WooAiAssistant\Tests\Unit\Common\UtilsTest" classname="WooAiAssistant.Tests.Unit.Common.UtilsTest" assertions="11" time="0.000108"/>
        <testcase name="test_sanitizeTextField_works_correctly" file="/Applications/MAMP/htdocs/wp/wp-content/plugins/woo-ai-assistant/tests/Unit/Common/UtilsTest.php" line="60" class="WooAiAssistant\Tests\Unit\Common\UtilsTest" classname="WooAiAssistant.Tests.Unit.Common.UtilsTest" assertions="5" time="0.000149"/>
        <testcase name="test_formatBytes_formats_correctly" file="/Applications/MAMP/htdocs/wp/wp-content/plugins/woo-ai-assistant/tests/Unit/Common/UtilsTest.php" line="81" class="WooAiAssistant\Tests\Unit\Common\UtilsTest" classname="WooAiAssistant.Tests.Unit.Common.UtilsTest" assertions="5" time="0.000072"/>
        <testcase name="test_generateUniqueId_creates_unique_ids" file="/Applications/MAMP/htdocs/wp/wp-content/plugins/woo-ai-assistant/tests/Unit/Common/UtilsTest.php" line="92" class="WooAiAssistant\Tests\Unit\Common\UtilsTest" classname="WooAiAssistant.Tests.Unit.Common.UtilsTest" assertions="4" time="0.000189"/>
        <testcase name="test_getMemoryUsage_returns_array_structure" file="/Applications/MAMP/htdocs/wp/wp-content/plugins/woo-ai-assistant/tests/Unit/Common/UtilsTest.php" line="106" class="WooAiAssistant\Tests\Unit\Common\UtilsTest" classname="WooAiAssistant.Tests.Unit.Common.UtilsTest" assertions="10" time="0.000194"/>
        <testcase name="test_logDebug_works_without_errors" file="/Applications/MAMP/htdocs/wp/wp-content/plugins/woo-ai-assistant/tests/Unit/Common/UtilsTest.php" line="124" class="WooAiAssistant\Tests\Unit\Common\UtilsTest" classname="WooAiAssistant.Tests.Unit.Common.UtilsTest" assertions="0" time="0.000063"/>
      </testsuite>
      <testsuite name="WooAiAssistant\Tests\Unit\MainTest" file="/Applications/MAMP/htdocs/wp/wp-content/plugins/woo-ai-assistant/tests/Unit/MainTest.php" tests="8" assertions="39" errors="0" failures="0" skipped="0" time="0.000858">
        <testcase name="test_class_exists_and_instantiates" file="/Applications/MAMP/htdocs/wp/wp-content/plugins/woo-ai-assistant/tests/Unit/MainTest.php" line="37" class="WooAiAssistant\Tests\Unit\MainTest" classname="WooAiAssistant.Tests.Unit.MainTest" assertions="2" time="0.000216"/>
        <testcase name="test_class_follows_naming_conventions" file="/Applications/MAMP/htdocs/wp/wp-content/plugins/woo-ai-assistant/tests/Unit/MainTest.php" line="43" class="WooAiAssistant\Tests\Unit\MainTest" classname="WooAiAssistant.Tests.Unit.MainTest" assertions="21" time="0.000147"/>
        <testcase name="test_public_methods_exist_and_return_correct_types" file="/Applications/MAMP/htdocs/wp/wp-content/plugins/woo-ai-assistant/tests/Unit/MainTest.php" line="63" class="WooAiAssistant\Tests\Unit\MainTest" classname="WooAiAssistant.Tests.Unit.MainTest" assertions="9" time="0.000101"/>
        <testcase name="test_singleton_pattern_works_correctly" file="/Applications/MAMP/htdocs/wp/wp-content/plugins/woo-ai-assistant/tests/Unit/MainTest.php" line="78" class="WooAiAssistant\Tests\Unit\MainTest" classname="WooAiAssistant.Tests.Unit.MainTest" assertions="1" time="0.000067"/>
        <testcase name="test_getVersion_returns_correct_version" file="/Applications/MAMP/htdocs/wp/wp-content/plugins/woo-ai-assistant/tests/Unit/MainTest.php" line="86" class="WooAiAssistant\Tests\Unit\MainTest" classname="WooAiAssistant.Tests.Unit.MainTest" assertions="2" time="0.000072"/>
        <testcase name="test_component_registration_works" file="/Applications/MAMP/htdocs/wp/wp-content/plugins/woo-ai-assistant/tests/Unit/MainTest.php" line="93" class="WooAiAssistant\Tests\Unit\MainTest" classname="WooAiAssistant.Tests.Unit.MainTest" assertions="2" time="0.000081"/>
        <testcase name="test_initialization_state_tracking" file="/Applications/MAMP/htdocs/wp/wp-content/plugins/woo-ai-assistant/tests/Unit/MainTest.php" line="107" class="WooAiAssistant\Tests\Unit\MainTest" classname="WooAiAssistant.Tests.Unit.MainTest" assertions="1" time="0.000066"/>
        <testcase name="test_get_nonexistent_component_returns_null" file="/Applications/MAMP/htdocs/wp/wp-content/plugins/woo-ai-assistant/tests/Unit/MainTest.php" line="116" class="WooAiAssistant\Tests\Unit\MainTest" classname="WooAiAssistant.Tests.Unit.MainTest" assertions="1" time="0.000108"/>
      </testsuite>
    </testsuite>
  </testsuite>
</testsuites>
